[2026-04-21 07:00:01.629980] Starting MarketWatch analyst data collection...
Found 154 tickers
[1/154] AAPL... target=$301.37 upside=10.37% analysts=53.0
[2/154] MSFT... target=$576.66 upside=37.93% analysts=60.0
[3/154] GOOGL... target=$380.5 upside=12.77% analysts=71.0
[4/154] AMZN... target=$281.85 upside=13.52% analysts=73.0
[5/154] NVDA... target=$269.82 upside=33.53% analysts=70.0
[6/154] META... target=$847.3 upside=26.29% analysts=72.0
[7/154] TSLA... target=$412.64 upside=5.13% analysts=54.0
[8/154] TSM... target=$449.66 upside=22.78% analysts=51.0
[9/154] AVGO... target=$473.25 upside=18.42% analysts=54.0
[10/154] JPM... target=$342.96 upside=8.19% analysts=29.0
[11/154] V... target=$395.94 upside=26.12% analysts=40.0
[12/154] UNH... target=$360.58 upside=11.47% analysts=31.0
[13/154] MA... target=$659.06 upside=27.56% analysts=41.0
[14/154] HD... target=$413.74 upside=17.88% analysts=38.0
[15/154] COST... target=$1088.28 upside=9.06% analysts=37.0
[16/154] NFLX... target=$115.79 upside=22.1% analysts=56.0
[17/154] CRM... target=$261.26 upside=40.26% analysts=56.0
[18/154] AMD... target=$294.85 upside=7.24% analysts=56.0
[19/154] QCOM... target=$148.25 upside=7.8% analysts=37.0
[20/154] ADBE... target=$316.26 upside=27.2% analysts=38.0
[21/154] LLY... target=$1240.72 upside=34.88% analysts=35.0
[22/154] PEP... target=$171.84 upside=9.46% analysts=25.0
[23/154] KO... target=$85.11 upside=12.76% analysts=25.0
[24/154] MRK... target=$130.88 upside=11.77% analysts=30.0
[25/154] ABBV... target=$255.12 upside=25.24% analysts=33.0
[26/154] PFE... target=$28.94 upside=5.16% analysts=29.0
[27/154] TMO... target=$649.75 upside=23.52% analysts=30.0
[28/154] CSCO... target=$90.11 upside=2.74% analysts=27.0
[29/154] ACN... target=$251.78 upside=29.08% analysts=30.0
[30/154] MCD... target=$346.35 upside=12.84% analysts=39.0
[31/154] ABT... target=$120.48 upside=25.5% analysts=32.0
[32/154] DHR... target=$254.19 upside=30.02% analysts=28.0
[33/154] TXN... target=$230.31 upside=-1.45% analysts=39.0
[34/154] NEE... target=$96.7 upside=5.1% analysts=27.0
[35/154] PM... target=$193.0 upside=22.5% analysts=18.0
[36/154] UPS... target=$113.31 upside=5.79% analysts=32.0
[37/154] RTX... target=$219.36 upside=12.04% analysts=26.0
[38/154] HON... target=$254.13 upside=10.62% analysts=29.0
[39/154] INTC... target=$55.2 upside=-15.98% analysts=49.0
[40/154] LOW... target=$288.37 upside=13.85% analysts=35.0
[41/154] ORCL... target=$244.78 upside=37.84% analysts=44.0
[42/154] AMAT... target=$424.67 upside=8.44% analysts=37.0
[43/154] BKNG... target=$233.71 upside=21.7% analysts=41.0
[44/154] SBUX... target=$101.06 upside=2.13% analysts=43.0
[45/154] GS... no target (EPS FY1=None)
[46/154] BLK... target=$1244.94 upside=18.74% analysts=20.0
[47/154] ISRG... target=$597.35 upside=28.3% analysts=37.0
[48/154] MDLZ... target=$66.13 upside=15.39% analysts=29.0
[49/154] GILD... target=$161.0 upside=18.5% analysts=32.0
[50/154] ADP... target=$262.71 upside=29.8% analysts=21.0
[51/154] CVX... target=$212.21 upside=15.8% analysts=30.0
[52/154] XOM... target=$164.12 upside=11.13% analysts=31.0
[53/154] BA... target=$266.08 upside=18.22% analysts=31.0
[54/154] CAT... target=$764.75 upside=-4.21% analysts=31.0
[55/154] DE... target=$668.05 upside=12.37% analysts=27.0
[56/154] MMM... target=$178.14 upside=17.66% analysts=20.0
[57/154] DIS... target=$131.62 upside=23.82% analysts=33.0
[58/154] NKE... target=$61.18 upside=31.63% analysts=39.0
[59/154] PYPL... target=$49.58 upside=-3.65% analysts=46.0
[60/154] SQ... no target (EPS FY1=None)
[61/154] SHOP... target=$159.06 upside=17.7% analysts=52.0
[62/154] SNOW... target=$231.56 upside=53.92% analysts=51.0
[63/154] UBER... target=$105.25 upside=35.82% analysts=58.0
[64/154] ABNB... target=$146.97 upside=2.35% analysts=45.0
[65/154] COIN... target=$235.44 upside=11.25% analysts=38.0
[66/154] PLTR... target=$190.88 upside=30.84% analysts=32.0
[67/154] RIVN... target=$18.0 upside=6.38% analysts=29.0
[68/154] SOFI... target=$23.78 upside=21.95% analysts=26.0
[69/154] ARM... target=$169.46 upside=-3.22% analysts=43.0
[70/154] PANW... target=$206.83 upside=21.98% analysts=53.0
[71/154] CRWD... target=$484.57 upside=11.87% analysts=55.0
[72/154] DDOG... target=$177.93 upside=37.14% analysts=49.0
[73/154] ZS... target=$225.25 upside=67.1% analysts=48.0
[74/154] NET... target=$231.21 upside=12.89% analysts=36.0
[75/154] MU... target=$553.1 upside=23.34% analysts=48.0
[76/154] MRVL... target=$126.37 upside=-14.52% analysts=45.0
[77/154] LRCX... target=$284.93 upside=8.27% analysts=36.0
[78/154] KLAC... target=$1736.83 upside=-3.79% analysts=31.0
[79/154] SNPS... target=$537.0 upside=16.5% analysts=26.0
[80/154] CDNS... target=$373.81 upside=17.37% analysts=25.0
[81/154] FTNT... target=$87.4 upside=5.81% analysts=43.0
[82/154] WDAY... target=$178.94 upside=39.86% analysts=43.0
[83/154] TEAM... target=$133.33 upside=86.53% analysts=34.0
[84/154] NOW... target=$163.79 upside=64.25% analysts=46.0
[85/154] INTU... target=$591.78 upside=46.18% analysts=34.0
[86/154] MELI... target=$2512.91 upside=34.37% analysts=27.0
[87/154] SE... target=$139.87 upside=56.56% analysts=31.0
[88/154] WMT... target=$139.05 upside=8.7% analysts=44.0
[89/154] TGT... target=$125.03 upside=-3.96% analysts=41.0
[90/154] AMGN... target=$357.48 upside=2.09% analysts=37.0
[91/154] REGN... target=$883.62 upside=17.91% analysts=31.0
[92/154] VRTX... target=$555.44 upside=26.47% analysts=35.0
[93/154] MRNA... target=$45.21 upside=-17.18% analysts=25.0
[94/154] BIIB... target=$210.96 upside=15.06% analysts=37.0
[95/154] SYK... target=$424.5 upside=25.47% analysts=32.0
[96/154] BDX... target=$186.18 upside=17.36% analysts=18.0
[97/154] ZTS... target=$149.06 upside=21.46% analysts=24.0
[98/154] CI... target=$338.08 upside=20.78% analysts=28.0
[99/154] ELV... target=$373.29 upside=16.89% analysts=25.0
[100/154] HUM... target=$204.5 upside=-2.78% analysts=29.0
[101/154] MCK... target=$998.33 upside=16.21% analysts=20.0
[102/154] SCHW... target=$115.16 upside=23.63% analysts=23.0
[103/154] MS... target=$201.23 upside=5.52% analysts=28.0
[104/154] C... no target (EPS FY1=None)
[105/154] BAC... target=$61.06 upside=13.18% analysts=28.0
[106/154] WFC... target=$96.73 upside=18.01% analysts=26.0
[107/154] USB... target=$62.65 upside=9.91% analysts=24.0
[108/154] PNC... target=$253.13 upside=11.5% analysts=24.0
[109/154] AXP... target=$360.24 upside=9.21% analysts=29.0
[110/154] SPGI... target=$529.24 upside=19.54% analysts=28.0
[111/154] ICE... target=$200.6 upside=24.9% analysts=19.0
[112/154] CME... target=$318.2 upside=10.7% analysts=19.0
[113/154] CB... target=$344.7 upside=4.46% analysts=29.0
[114/154] AON... target=$391.32 upside=17.89% analysts=27.0
[115/154] MMC... no target (EPS FY1=None)
[116/154] PGR... target=$233.24 upside=14.46% analysts=29.0
[117/154] TRV... target=$313.83 upside=4.34% analysts=32.0
[118/154] ALL... target=$243.2 upside=13.04% analysts=28.0
[119/154] DELL... target=$176.95 upside=-13.36% analysts=29.0
[120/154] HPQ... target=$18.99 upside=-3.06% analysts=19.0
[121/154] IBM... target=$297.18 upside=17.13% analysts=24.0
[122/154] GE... target=$351.43 upside=15.75% analysts=26.0
[123/154] LMT... target=$672.76 upside=15.74% analysts=27.0
[124/154] NOC... target=$753.76 upside=14.73% analysts=28.0
[125/154] GD... target=$396.3 upside=19.32% analysts=28.0
[126/154] F... target=$13.67 upside=6.22% analysts=25.0
[127/154] GM... target=$94.83 upside=17.74% analysts=29.0
[128/154] RACE... target=$444.58 upside=19.24% analysts=27.0
[129/154] FDX... target=$414.92 upside=5.37% analysts=31.0
[130/154] DAL... target=$81.23 upside=14.07% analysts=28.0
[131/154] UAL... target=$131.64 upside=33.09% analysts=28.0
[132/154] LUV... target=$45.76 upside=9.42% analysts=27.0
[133/154] MAR... target=$371.09 upside=-2.01% analysts=27.0
[134/154] HLT... target=$338.27 upside=-1.35% analysts=26.0
[135/154] DASH... target=$254.58 upside=34.13% analysts=48.0
[136/154] RBLX... target=$102.79 upside=66.25% analysts=38.0
[137/154] SPOT... target=$544.71 upside=1.48% analysts=45.0
[138/154] TTD... target=$31.18 upside=29.65% analysts=43.0
[139/154] ROKU... target=$128.07 upside=7.87% analysts=34.0
[140/154] U... target=$32.0 upside=20.62% analysts=30.0
[141/154] SMCI... target=$32.67 upside=13.4% analysts=20.0
[142/154] ON... target=$70.74 upside=-17.32% analysts=36.0
[143/154] ENPH... target=$45.03 upside=32.91% analysts=32.0
[144/154] FSLR... target=$248.96 upside=29.34% analysts=37.0
[145/154] CEG... target=$381.06 upside=32.51% analysts=21.0
[146/154] VST... target=$241.06 upside=51.04% analysts=20.0
[147/154] LNG... target=$300.55 upside=19.1% analysts=27.0
[148/154] ET... target=$22.24 upside=17.61% analysts=22.0
[149/154] OXY... target=$63.6 upside=16.74% analysts=31.0
[150/154] COP... target=$138.07 upside=18.57% analysts=34.0
[151/154] SLB... target=$56.56 upside=8.35% analysts=33.0
[152/154] EOG... target=$154.42 upside=19.56% analysts=39.0
[153/154] FCX... target=$71.26 upside=1.54% analysts=26.0
[154/154] NEM... target=$143.4 upside=24.87% analysts=27.0

Updated 154 rows with MarketWatch data
[2026-04-21 07:08:35.498888] Done!
